TN:
SF:/home/igor/projetos/AdminLteVue/src/components/Button/Button-old.js
FNF:0
FNH:0
DA:33,16
DA:34,16
DA:35,16
DA:36,16
DA:37,16
DA:38,16
DA:39,12
DA:41,16
DA:42,10
DA:44,16
DA:45,8
DA:47,16
DA:48,6
DA:50,16
DA:51,4
DA:53,16
DA:54,2
DA:56,16
DA:57,2
DA:58,2
DA:60,14
LF:21
LH:21
BRDA:38,0,0,12
BRDA:38,0,1,4
BRDA:41,1,0,10
BRDA:41,1,1,6
BRDA:44,2,0,8
BRDA:44,2,1,8
BRDA:47,3,0,6
BRDA:47,3,1,10
BRDA:50,4,0,4
BRDA:50,4,1,12
BRDA:53,5,0,2
BRDA:53,5,1,14
BRDA:56,6,0,2
BRDA:56,6,1,14
BRF:14
BRH:14
end_of_record
TN:
SF:/home/igor/projetos/AdminLteVue/src/mixins/bgValidator.js
FN:1,(anonymous_0)
FNF:1
FNH:1
FNDA:6,(anonymous_0)
DA:1,6
LF:1
LH:1
BRF:0
BRH:0
end_of_record
TN:
SF:/home/igor/projetos/AdminLteVue/src/mixins/sizeValidator.js
FN:1,(anonymous_0)
FNF:1
FNH:1
FNDA:4,(anonymous_0)
DA:1,4
LF:1
LH:1
BRF:0
BRH:0
end_of_record
TN:
SF:/home/igor/projetos/AdminLteVue/src/mixins/typeValidator.js
FN:1,(anonymous_0)
FNF:1
FNH:1
FNDA:7,(anonymous_0)
DA:1,7
LF:1
LH:1
BRF:0
BRH:0
end_of_record
